<?xml version="1.0" encoding="UTF-8"?>
<!-- Generated by org.testng.reporters.JUnitReportReporter -->
<testsuite hostname="DESKTOP-66BAJ88" failures="0" tests="1" name="modules.ApplyLeave" time="2.107" errors="0" timestamp="2024-06-16T10:01:52 IST" skipped="0">
  <testcase classname="modules.ApplyLeave" name="applyLeaveStudent" time="2.107"/>
</testsuite> <!-- modules.ApplyLeave -->
