<?xml version="1.0" encoding="UTF-8"?>
<!-- Generated by org.testng.reporters.JUnitReportReporter -->
<testsuite hostname="DESKTOP-66BAJ88" failures="0" tests="1" name="utils.BaseClass" time="11.287" errors="0" timestamp="2024-06-16T09:37:53 IST" skipped="0">
  <testcase classname="utils.BaseClass" name="login" time="11.287"/>
</testsuite> <!-- utils.BaseClass -->
